<?xml version="1.0" encoding="UTF-8"?>
<!-- Generated by org.testng.reporters.JUnitXMLReporter -->
<testsuite ignored="2" hostname="Gagan" failures="0" tests="1" name="Test" time="11.421" errors="0" timestamp="2024-05-09T17:13:45 IST">
  <testcase classname="com.comcast.crm.orgtest.CreateOrganizationTest" name="createOrganizationTest" time="6.36"/>
  <testcase classname="com.comcast.crm.orgtest.CreateOrganizationTest" name="createOrgWithPhoneNumberTest" time="0.0">
    <ignored/>
  </testcase> <!-- createOrgWithPhoneNumberTest -->
  <testcase classname="com.comcast.crm.orgtest.CreateOrganizationTest" name="createOrganizationWithIndustriesTest" time="0.0">
    <ignored/>
  </testcase> <!-- createOrganizationWithIndustriesTest -->
</testsuite> <!-- Test -->
