<?xml version="1.0" encoding="UTF-8"?>
<!-- Generated by org.testng.reporters.JUnitXMLReporter -->
<testsuite ignored="2" hostname="Gagan" failures="0" tests="6" name="Test" time="86.283" errors="0" timestamp="17 May 2024 10:57:21 GMT">
  <testcase classname="com.comcast.crm.contacttest.CreateContactTest_IntegrationTestScript" name="createContactTest" time="6.919"/>
  <testcase classname="com.comcast.crm.contacttest.CreateContactTest_IntegrationTestScript" name="createContactWithOrgTest" time="14.87"/>
  <testcase classname="com.comcast.crm.contacttest.CreateContactTest_IntegrationTestScript" name="createContactWithSupportDateTest" time="7.316"/>
  <testcase classname="com.comcast.crm.orgtest.CreateOrganizationTest" name="createOrgWithPhoneNumberTest" time="7.094"/>
  <testcase classname="com.comcast.crm.orgtest.CreateOrganizationTest" name="createOrganizationTest" time="6.987"/>
  <testcase classname="com.comcast.crm.orgtest.CreateOrganizationTest" name="createOrganizationWithIndustriesTest" time="7.631"/>
  <testcase classname="com.comcast.crm.basetest.BaseClass" name="@BeforeSuite configBS" time="0.0">
    <ignored/>
  </testcase> <!-- @BeforeSuite configBS -->
  <testcase classname="com.comcast.crm.basetest.BaseClass" name="@AfterSuite configAS" time="0.0">
    <ignored/>
  </testcase> <!-- @AfterSuite configAS -->
</testsuite> <!-- Test -->
