<?xml version="1.0" encoding="UTF-8"?>
<!-- Generated by org.testng.reporters.JUnitXMLReporter -->
<testsuite ignored="0" hostname="Gagan" failures="0" tests="3" name="TestRunner-Chrome" time="0.08" errors="0" timestamp="2024-05-09T13:13:22 IST">
  <testcase classname="com.comcast.crm.orgtest.CreateOrganizationTest" name="createOrgWithPhoneNumberTest" time="0.0">
    <skipped/>
  </testcase> <!-- createOrgWithPhoneNumberTest -->
  <testcase classname="com.comcast.crm.orgtest.CreateOrganizationTest" name="createOrganizationTest" time="0.0">
    <skipped/>
  </testcase> <!-- createOrganizationTest -->
  <testcase classname="com.comcast.crm.orgtest.CreateOrganizationTest" name="createOrganizationWithIndustriesTest" time="0.0">
    <skipped/>
  </testcase> <!-- createOrganizationWithIndustriesTest -->
</testsuite> <!-- TestRunner-Chrome -->
