<?xml version="1.0" encoding="UTF-8"?>
<!-- Generated by org.testng.reporters.JUnitXMLReporter -->
<testsuite ignored="0" hostname="Gagan" failures="0" tests="3" name="Default test" time="78.763" errors="0" timestamp="17 May 2024 07:41:33 GMT">
  <testcase classname="com.comcast.crm.contacttest.CreateContactTest_IntegrationTestScript" name="createContactTest" time="11.665"/>
  <testcase classname="com.comcast.crm.contacttest.CreateContactTest_IntegrationTestScript" name="createContactWithOrgTest" time="26.153"/>
  <testcase classname="com.comcast.crm.contacttest.CreateContactTest_IntegrationTestScript" name="createContactWithSupportDateTest" time="12.939"/>
</testsuite> <!-- Default test -->
