<?xml version="1.0" encoding="UTF-8"?>
<testng-results ignored="0" total="3" passed="3" failed="0" skipped="0">
  <reporter-output>
  </reporter-output>
  <suite started-at="2024-05-17T07:40:14Z" name="Default suite" finished-at="2024-05-17T07:41:33Z" duration-ms="78763">
    <groups>
    </groups>
    <test started-at="2024-05-17T07:40:14Z" name="Default test" finished-at="2024-05-17T07:41:33Z" duration-ms="78763">
      <class name="com.comcast.crm.contacttest.CreateContactTest_IntegrationTestScript">
        <test-method is-config="true" signature="configBS()[pri:0, instance:com.comcast.crm.contacttest.CreateContactTest_IntegrationTestScript@6e535154]" started-at="2024-05-17T07:40:14Z" name="configBS" finished-at="2024-05-17T07:40:14Z" duration-ms="180" status="PASS">
          <reporter-output>
          </reporter-output>
        </test-method> <!-- configBS -->
        <test-method is-config="true" signature="configBC()[pri:0, instance:com.comcast.crm.contacttest.CreateContactTest_IntegrationTestScript@6e535154]" started-at="2024-05-17T07:40:14Z" name="configBC" finished-at="2024-05-17T07:40:17Z" duration-ms="2434" status="PASS">
          <reporter-output>
          </reporter-output>
        </test-method> <!-- configBC -->
        <test-method is-config="true" signature="configBM()[pri:0, instance:com.comcast.crm.contacttest.CreateContactTest_IntegrationTestScript@6e535154]" started-at="2024-05-17T07:40:17Z" name="configBM" finished-at="2024-05-17T07:40:22Z" duration-ms="5657" status="PASS">
          <reporter-output>
          </reporter-output>
        </test-method> <!-- configBM -->
        <test-method signature="createContactTest()[pri:0, instance:com.comcast.crm.contacttest.CreateContactTest_IntegrationTestScript@6e535154]" started-at="2024-05-17T07:40:22Z" name="createContactTest" finished-at="2024-05-17T07:40:34Z" duration-ms="11665" status="PASS">
          <reporter-output>
          </reporter-output>
        </test-method> <!-- createContactTest -->
        <test-method is-config="true" signature="configAM()[pri:0, instance:com.comcast.crm.contacttest.CreateContactTest_IntegrationTestScript@6e535154]" started-at="2024-05-17T07:40:34Z" name="configAM" finished-at="2024-05-17T07:40:38Z" duration-ms="3967" status="PASS">
          <reporter-output>
          </reporter-output>
        </test-method> <!-- configAM -->
        <test-method is-config="true" signature="configBM()[pri:0, instance:com.comcast.crm.contacttest.CreateContactTest_IntegrationTestScript@6e535154]" started-at="2024-05-17T07:40:38Z" name="configBM" finished-at="2024-05-17T07:40:42Z" duration-ms="3768" status="PASS">
          <reporter-output>
          </reporter-output>
        </test-method> <!-- configBM -->
        <test-method signature="createContactWithOrgTest()[pri:0, instance:com.comcast.crm.contacttest.CreateContactTest_IntegrationTestScript@6e535154]" started-at="2024-05-17T07:40:42Z" name="createContactWithOrgTest" finished-at="2024-05-17T07:41:08Z" duration-ms="26153" status="PASS">
          <reporter-output>
          </reporter-output>
        </test-method> <!-- createContactWithOrgTest -->
        <test-method is-config="true" signature="configAM()[pri:0, instance:com.comcast.crm.contacttest.CreateContactTest_IntegrationTestScript@6e535154]" started-at="2024-05-17T07:41:08Z" name="configAM" finished-at="2024-05-17T07:41:12Z" duration-ms="3922" status="PASS">
          <reporter-output>
          </reporter-output>
        </test-method> <!-- configAM -->
        <test-method is-config="true" signature="configBM()[pri:0, instance:com.comcast.crm.contacttest.CreateContactTest_IntegrationTestScript@6e535154]" started-at="2024-05-17T07:41:12Z" name="configBM" finished-at="2024-05-17T07:41:16Z" duration-ms="3976" status="PASS">
          <reporter-output>
          </reporter-output>
        </test-method> <!-- configBM -->
        <test-method signature="createContactWithSupportDateTest()[pri:0, instance:com.comcast.crm.contacttest.CreateContactTest_IntegrationTestScript@6e535154]" started-at="2024-05-17T07:41:16Z" name="createContactWithSupportDateTest" finished-at="2024-05-17T07:41:29Z" duration-ms="12939" status="PASS">
          <reporter-output>
          </reporter-output>
        </test-method> <!-- createContactWithSupportDateTest -->
        <test-method is-config="true" signature="configAM()[pri:0, instance:com.comcast.crm.contacttest.CreateContactTest_IntegrationTestScript@6e535154]" started-at="2024-05-17T07:41:29Z" name="configAM" finished-at="2024-05-17T07:41:33Z" duration-ms="3934" status="PASS">
          <reporter-output>
          </reporter-output>
        </test-method> <!-- configAM -->
        <test-method is-config="true" signature="configAC()[pri:0, instance:com.comcast.crm.contacttest.CreateContactTest_IntegrationTestScript@6e535154]" started-at="2024-05-17T07:41:33Z" name="configAC" finished-at="2024-05-17T07:41:33Z" duration-ms="314" status="PASS">
          <reporter-output>
          </reporter-output>
        </test-method> <!-- configAC -->
        <test-method is-config="true" signature="configAS()[pri:0, instance:com.comcast.crm.contacttest.CreateContactTest_IntegrationTestScript@6e535154]" started-at="2024-05-17T07:41:33Z" name="configAS" finished-at="2024-05-17T07:41:33Z" duration-ms="11" status="PASS">
          <reporter-output>
          </reporter-output>
        </test-method> <!-- configAS -->
      </class> <!-- com.comcast.crm.contacttest.CreateContactTest_IntegrationTestScript -->
    </test> <!-- Default test -->
  </suite> <!-- Default suite -->
</testng-results>
